   0  $accept : Program $end

   1  Program : PROGRAMnum IDnum SEMInum ProgramB

   2  ProgramB : ClassDecl
   3           | ClassDecl ProgramB

   4  ClassDecl : CLASSnum IDnum ClassBody

   5  ClassBody : LBRACEnum ClassBodyB RBRACEnum
   6            | LBRACEnum RBRACEnum
   7            | LBRACEnum ClassBodyC RBRACEnum

   8  ClassBodyB : Decls ClassBodyC
   9             | Decls

  10  ClassBodyC : MethodDecl ClassBodyC
  11             | MethodDecl

  12  Decls : DECLARATIONSnum ENDDECLARATIONSnum
  13        | DECLARATIONSnum DeclsB ENDDECLARATIONSnum

  14  DeclsB : FieldDecl
  15         | DeclsB FieldDecl

  16  FieldDecl : Type FieldDeclB

  17  FieldDeclB : VariableDeclId SEMInum
  18             | VariableDeclId FieldDeclD SEMInum
  19             | VariableDeclId FieldDeclD FieldDeclE

  20  FieldDeclD : EQUALnum VariableInitializer

  21  FieldDeclE : COMMAnum FieldDeclB

  22  VariableDeclId : IDnum VariableDeclIdB
  23                 | IDnum

  24  VariableDeclIdB : LBRACnum RBRACnum
  25                  | VariableDeclIdB LBRACnum RBRACnum

  26  VariableInitializer : Expression
  27                      | ArrayInitializer
  28                      | ArrayCreationExpression

  29  ArrayInitializer : LBRACEnum VariableInitializer RBRACEnum
  30                   | LBRACEnum VariableInitializer ArrayInitializerB RBRACEnum

  31  ArrayInitializerB : COMMAnum VariableInitializer
  32                    | ArrayInitializerB COMMAnum VariableInitializer

  33  ArrayCreationExpression : INTnum ArrayCreationExpressionB

  34  ArrayCreationExpressionB : LBRACnum Expression RBRACnum
  35                           | ArrayCreationExpressionB LBRACnum Expression RBRACnum

  36  MethodDecl : METHODnum Type IDnum LPARENnum RPARENnum Block
  37             | METHODnum VOIDnum IDnum LPARENnum RPARENnum Block
  38             | METHODnum Type IDnum LPARENnum FormalParameterList RPARENnum Block
  39             | METHODnum VOIDnum IDnum LPARENnum FormalParameterList RPARENnum Block

  40  FormalParameterList : FormalParameterListB

  41  FormalParameterListB : VALnum INTnum IDnum FormalParameterListC
  42                       | VALnum INTnum IDnum
  43                       | INTnum IDnum FormalParameterListC
  44                       | INTnum IDnum

  45  FormalParameterListC : COMMAnum IDnum
  46                       | COMMAnum IDnum FormalParameterListC
  47                       | SEMInum FormalParameterListB

  48  Block : Decls StatementList
  49        | StatementList

  50  Type : IDnum TypeB
  51       | INTnum TypeB
  52       | IDnum
  53       | INTnum

  54  TypeB : LBRACnum RBRACnum
  55        | LBRACnum RBRACnum TypeB
  56        | LBRACnum RBRACnum DOTnum Type

  57  StatementList : LBRACEnum Statementsop RBRACEnum

  58  Statementsop : Statement
  59               | Statement SEMInum
  60               | Statement SEMInum Statementsop

  61  Statement : AssignmentStatement
  62            | Statements_Op

  63  Statements_Op : MethodCallStatement
  64                | Statements_Op2

  65  Statements_Op2 : ReturnStatement
  66                 | Statements_Op3

  67  Statements_Op3 : IfStatement
  68                 | Statements_Op4

  69  Statements_Op4 : WhileStatement
  70                 | epsilon

  71  AssignmentStatement : Variable ASSGNnum Expression

  72  MethodCallStatement : Variable LPARENnum RPARENnum
  73                      | Variable LPARENnum Expre RPARENnum

  74  Expre : Expression
  75        | Expre COMMAnum Expression

  76  ReturnStatement : RETURNnum
  77                  | RETURNnum Expression

  78  IfStatement : IFState_Op
  79              | IFState_Op ELSEnum StatementList

  80  IFState_Op : IFnum Expression StatementList
  81             | IFState_Op ELSEnum IFnum Expression StatementList

  82  WhileStatement : WHILEnum Expression StatementList

  83  Expression : SimpleExpression
  84             | SimpleExpression LTnum SimpleExpression
  85             | SimpleExpression GTnum SimpleExpression
  86             | SimpleExpression EQnum SimpleExpression
  87             | SimpleExpression NEnum SimpleExpression
  88             | SimpleExpression LEnum SimpleExpression
  89             | SimpleExpression GEnum SimpleExpression

  90  SimpleExpression : Simple_op2

  91  Simple_op : PLUSnum Term
  92            | MINUSnum Term
  93            | Term

  94  Simple_op2 : Simple_op2 PLUSnum Term
  95             | Simple_op2 MINUSnum Term
  96             | Simple_op2 ORnum Term
  97             | Simple_op

  98  Term : Term_op

  99  Term_op : Term_op TIMESnum Factor
 100          | Term_op DIVIDEnum Factor
 101          | Term_op ANDnum Factor
 102          | Factor

 103  Factor : Factor_op
 104         | LPARENnum Expression RPARENnum
 105         | NOTnum Factor

 106  Factor_op : UnsignedConstant
 107            | Variable
 108            | MethodCallStatement

 109  UnsignedConstant : ICONSTnum
 110                   | SCONSTnum

 111  Variable : IDnum Variable_op

 112  Variable_op : Variable_op2
 113              | epsilon

 114  Variable_op2 : LBRACnum Variable_op3 RBRACnum Variable_op
 115               | DOTnum IDnum Variable_op

 116  Variable_op3 : Expression
 117               | Expression COMMAnum Expression

 118  epsilon :

state 0
	$accept : . Program $end  (0)

	PROGRAMnum  shift 1
	.  error

	Program  goto 2


state 1
	Program : PROGRAMnum . IDnum SEMInum ProgramB  (1)

	IDnum  shift 3
	.  error


state 2
	$accept : Program . $end  (0)

	$end  accept


state 3
	Program : PROGRAMnum IDnum . SEMInum ProgramB  (1)

	SEMInum  shift 4
	.  error


state 4
	Program : PROGRAMnum IDnum SEMInum . ProgramB  (1)

	CLASSnum  shift 5
	.  error

	ProgramB  goto 6
	ClassDecl  goto 7


state 5
	ClassDecl : CLASSnum . IDnum ClassBody  (4)

	IDnum  shift 8
	.  error


state 6
	Program : PROGRAMnum IDnum SEMInum ProgramB .  (1)

	.  reduce 1


state 7
	ProgramB : ClassDecl .  (2)
	ProgramB : ClassDecl . ProgramB  (3)

	CLASSnum  shift 5
	$end  reduce 2

	ProgramB  goto 9
	ClassDecl  goto 7


state 8
	ClassDecl : CLASSnum IDnum . ClassBody  (4)

	LBRACEnum  shift 10
	.  error

	ClassBody  goto 11


state 9
	ProgramB : ClassDecl ProgramB .  (3)

	.  reduce 3


state 10
	ClassBody : LBRACEnum . ClassBodyB RBRACEnum  (5)
	ClassBody : LBRACEnum . RBRACEnum  (6)
	ClassBody : LBRACEnum . ClassBodyC RBRACEnum  (7)

	DECLARATIONSnum  shift 12
	METHODnum  shift 13
	RBRACEnum  shift 14
	.  error

	ClassBodyC  goto 15
	ClassBodyB  goto 16
	Decls  goto 17
	MethodDecl  goto 18


state 11
	ClassDecl : CLASSnum IDnum ClassBody .  (4)

	.  reduce 4


state 12
	Decls : DECLARATIONSnum . ENDDECLARATIONSnum  (12)
	Decls : DECLARATIONSnum . DeclsB ENDDECLARATIONSnum  (13)

	ENDDECLARATIONSnum  shift 19
	IDnum  shift 20
	INTnum  shift 21
	.  error

	DeclsB  goto 22
	FieldDecl  goto 23
	Type  goto 24


state 13
	MethodDecl : METHODnum . Type IDnum LPARENnum RPARENnum Block  (36)
	MethodDecl : METHODnum . VOIDnum IDnum LPARENnum RPARENnum Block  (37)
	MethodDecl : METHODnum . Type IDnum LPARENnum FormalParameterList RPARENnum Block  (38)
	MethodDecl : METHODnum . VOIDnum IDnum LPARENnum FormalParameterList RPARENnum Block  (39)

	IDnum  shift 20
	INTnum  shift 21
	VOIDnum  shift 25
	.  error

	Type  goto 26


state 14
	ClassBody : LBRACEnum RBRACEnum .  (6)

	.  reduce 6


state 15
	ClassBody : LBRACEnum ClassBodyC . RBRACEnum  (7)

	RBRACEnum  shift 27
	.  error


state 16
	ClassBody : LBRACEnum ClassBodyB . RBRACEnum  (5)

	RBRACEnum  shift 28
	.  error


state 17
	ClassBodyB : Decls . ClassBodyC  (8)
	ClassBodyB : Decls .  (9)

	METHODnum  shift 13
	RBRACEnum  reduce 9

	ClassBodyC  goto 29
	MethodDecl  goto 18


state 18
	ClassBodyC : MethodDecl . ClassBodyC  (10)
	ClassBodyC : MethodDecl .  (11)

	METHODnum  shift 13
	RBRACEnum  reduce 11

	ClassBodyC  goto 30
	MethodDecl  goto 18


state 19
	Decls : DECLARATIONSnum ENDDECLARATIONSnum .  (12)

	.  reduce 12


state 20
	Type : IDnum . TypeB  (50)
	Type : IDnum .  (52)

	LBRACnum  shift 31
	IDnum  reduce 52

	TypeB  goto 32


state 21
	Type : INTnum . TypeB  (51)
	Type : INTnum .  (53)

	LBRACnum  shift 31
	IDnum  reduce 53

	TypeB  goto 33


state 22
	Decls : DECLARATIONSnum DeclsB . ENDDECLARATIONSnum  (13)
	DeclsB : DeclsB . FieldDecl  (15)

	ENDDECLARATIONSnum  shift 34
	IDnum  shift 20
	INTnum  shift 21
	.  error

	FieldDecl  goto 35
	Type  goto 24


state 23
	DeclsB : FieldDecl .  (14)

	.  reduce 14


state 24
	FieldDecl : Type . FieldDeclB  (16)

	IDnum  shift 36
	.  error

	FieldDeclB  goto 37
	VariableDeclId  goto 38


state 25
	MethodDecl : METHODnum VOIDnum . IDnum LPARENnum RPARENnum Block  (37)
	MethodDecl : METHODnum VOIDnum . IDnum LPARENnum FormalParameterList RPARENnum Block  (39)

	IDnum  shift 39
	.  error


state 26
	MethodDecl : METHODnum Type . IDnum LPARENnum RPARENnum Block  (36)
	MethodDecl : METHODnum Type . IDnum LPARENnum FormalParameterList RPARENnum Block  (38)

	IDnum  shift 40
	.  error


state 27
	ClassBody : LBRACEnum ClassBodyC RBRACEnum .  (7)

	.  reduce 7


state 28
	ClassBody : LBRACEnum ClassBodyB RBRACEnum .  (5)

	.  reduce 5


state 29
	ClassBodyB : Decls ClassBodyC .  (8)

	.  reduce 8


state 30
	ClassBodyC : MethodDecl ClassBodyC .  (10)

	.  reduce 10


state 31
	TypeB : LBRACnum . RBRACnum  (54)
	TypeB : LBRACnum . RBRACnum TypeB  (55)
	TypeB : LBRACnum . RBRACnum DOTnum Type  (56)

	RBRACnum  shift 41
	.  error


state 32
	Type : IDnum TypeB .  (50)

	.  reduce 50


state 33
	Type : INTnum TypeB .  (51)

	.  reduce 51


state 34
	Decls : DECLARATIONSnum DeclsB ENDDECLARATIONSnum .  (13)

	.  reduce 13


state 35
	DeclsB : DeclsB FieldDecl .  (15)

	.  reduce 15


state 36
	VariableDeclId : IDnum . VariableDeclIdB  (22)
	VariableDeclId : IDnum .  (23)

	LBRACnum  shift 42
	EQUALnum  reduce 23
	SEMInum  reduce 23

	VariableDeclIdB  goto 43


state 37
	FieldDecl : Type FieldDeclB .  (16)

	.  reduce 16


state 38
	FieldDeclB : VariableDeclId . SEMInum  (17)
	FieldDeclB : VariableDeclId . FieldDeclD SEMInum  (18)
	FieldDeclB : VariableDeclId . FieldDeclD FieldDeclE  (19)

	EQUALnum  shift 44
	SEMInum  shift 45
	.  error

	FieldDeclD  goto 46


state 39
	MethodDecl : METHODnum VOIDnum IDnum . LPARENnum RPARENnum Block  (37)
	MethodDecl : METHODnum VOIDnum IDnum . LPARENnum FormalParameterList RPARENnum Block  (39)

	LPARENnum  shift 47
	.  error


state 40
	MethodDecl : METHODnum Type IDnum . LPARENnum RPARENnum Block  (36)
	MethodDecl : METHODnum Type IDnum . LPARENnum FormalParameterList RPARENnum Block  (38)

	LPARENnum  shift 48
	.  error


state 41
	TypeB : LBRACnum RBRACnum .  (54)
	TypeB : LBRACnum RBRACnum . TypeB  (55)
	TypeB : LBRACnum RBRACnum . DOTnum Type  (56)

	DOTnum  shift 49
	LBRACnum  shift 31
	IDnum  reduce 54

	TypeB  goto 50


state 42
	VariableDeclIdB : LBRACnum . RBRACnum  (24)

	RBRACnum  shift 51
	.  error


state 43
	VariableDeclId : IDnum VariableDeclIdB .  (22)
	VariableDeclIdB : VariableDeclIdB . LBRACnum RBRACnum  (25)

	LBRACnum  shift 52
	EQUALnum  reduce 22
	SEMInum  reduce 22


state 44
	FieldDeclD : EQUALnum . VariableInitializer  (20)

	IDnum  shift 53
	INTnum  shift 54
	LPARENnum  shift 55
	ICONSTnum  shift 56
	LBRACEnum  shift 57
	MINUSnum  shift 58
	NOTnum  shift 59
	PLUSnum  shift 60
	SCONSTnum  shift 61
	.  error

	Variable  goto 62
	MethodCallStatement  goto 63
	Expression  goto 64
	SimpleExpression  goto 65
	Term  goto 66
	Simple_op  goto 67
	Simple_op2  goto 68
	UnsignedConstant  goto 69
	Term_op  goto 70
	Factor  goto 71
	Factor_op  goto 72
	VariableInitializer  goto 73
	ArrayCreationExpression  goto 74
	ArrayInitializer  goto 75


state 45
	FieldDeclB : VariableDeclId SEMInum .  (17)

	.  reduce 17


state 46
	FieldDeclB : VariableDeclId FieldDeclD . SEMInum  (18)
	FieldDeclB : VariableDeclId FieldDeclD . FieldDeclE  (19)

	SEMInum  shift 76
	COMMAnum  shift 77
	.  error

	FieldDeclE  goto 78


state 47
	MethodDecl : METHODnum VOIDnum IDnum LPARENnum . RPARENnum Block  (37)
	MethodDecl : METHODnum VOIDnum IDnum LPARENnum . FormalParameterList RPARENnum Block  (39)

	INTnum  shift 79
	RPARENnum  shift 80
	VALnum  shift 81
	.  error

	FormalParameterList  goto 82
	FormalParameterListB  goto 83


state 48
	MethodDecl : METHODnum Type IDnum LPARENnum . RPARENnum Block  (36)
	MethodDecl : METHODnum Type IDnum LPARENnum . FormalParameterList RPARENnum Block  (38)

	INTnum  shift 79
	RPARENnum  shift 84
	VALnum  shift 81
	.  error

	FormalParameterList  goto 85
	FormalParameterListB  goto 83


state 49
	TypeB : LBRACnum RBRACnum DOTnum . Type  (56)

	IDnum  shift 20
	INTnum  shift 21
	.  error

	Type  goto 86


state 50
	TypeB : LBRACnum RBRACnum TypeB .  (55)

	.  reduce 55


state 51
	VariableDeclIdB : LBRACnum RBRACnum .  (24)

	.  reduce 24


state 52
	VariableDeclIdB : VariableDeclIdB LBRACnum . RBRACnum  (25)

	RBRACnum  shift 87
	.  error


state 53
	Variable : IDnum . Variable_op  (111)
	epsilon : .  (118)

	DOTnum  shift 88
	LBRACnum  shift 89
	ANDnum  reduce 118
	ASSGNnum  reduce 118
	GTnum  reduce 118
	LPARENnum  reduce 118
	NEnum  reduce 118
	ORnum  reduce 118
	RBRACnum  reduce 118
	RPARENnum  reduce 118
	SEMInum  reduce 118
	COMMAnum  reduce 118
	DIVIDEnum  reduce 118
	EQnum  reduce 118
	GEnum  reduce 118
	LBRACEnum  reduce 118
	LEnum  reduce 118
	LTnum  reduce 118
	MINUSnum  reduce 118
	PLUSnum  reduce 118
	RBRACEnum  reduce 118
	TIMESnum  reduce 118

	Variable_op2  goto 90
	Variable_op  goto 91
	epsilon  goto 92


state 54
	ArrayCreationExpression : INTnum . ArrayCreationExpressionB  (33)

	LBRACnum  shift 93
	.  error

	ArrayCreationExpressionB  goto 94


state 55
	Factor : LPARENnum . Expression RPARENnum  (104)

	IDnum  shift 53
	LPARENnum  shift 55
	ICONSTnum  shift 56
	MINUSnum  shift 58
	NOTnum  shift 59
	PLUSnum  shift 60
	SCONSTnum  shift 61
	.  error

	Variable  goto 62
	MethodCallStatement  goto 63
	Expression  goto 95
	SimpleExpression  goto 65
	Term  goto 66
	Simple_op  goto 67
	Simple_op2  goto 68
	UnsignedConstant  goto 69
	Term_op  goto 70
	Factor  goto 71
	Factor_op  goto 72


state 56
	UnsignedConstant : ICONSTnum .  (109)

	.  reduce 109


state 57
	ArrayInitializer : LBRACEnum . VariableInitializer RBRACEnum  (29)
	ArrayInitializer : LBRACEnum . VariableInitializer ArrayInitializerB RBRACEnum  (30)

	IDnum  shift 53
	INTnum  shift 54
	LPARENnum  shift 55
	ICONSTnum  shift 56
	LBRACEnum  shift 57
	MINUSnum  shift 58
	NOTnum  shift 59
	PLUSnum  shift 60
	SCONSTnum  shift 61
	.  error

	Variable  goto 62
	MethodCallStatement  goto 63
	Expression  goto 64
	SimpleExpression  goto 65
	Term  goto 66
	Simple_op  goto 67
	Simple_op2  goto 68
	UnsignedConstant  goto 69
	Term_op  goto 70
	Factor  goto 71
	Factor_op  goto 72
	VariableInitializer  goto 96
	ArrayCreationExpression  goto 74
	ArrayInitializer  goto 75


state 58
	Simple_op : MINUSnum . Term  (92)

	IDnum  shift 53
	LPARENnum  shift 55
	ICONSTnum  shift 56
	NOTnum  shift 59
	SCONSTnum  shift 61
	.  error

	Variable  goto 62
	MethodCallStatement  goto 63
	Term  goto 97
	UnsignedConstant  goto 69
	Term_op  goto 70
	Factor  goto 71
	Factor_op  goto 72


state 59
	Factor : NOTnum . Factor  (105)

	IDnum  shift 53
	LPARENnum  shift 55
	ICONSTnum  shift 56
	NOTnum  shift 59
	SCONSTnum  shift 61
	.  error

	Variable  goto 62
	MethodCallStatement  goto 63
	UnsignedConstant  goto 69
	Factor  goto 98
	Factor_op  goto 72


state 60
	Simple_op : PLUSnum . Term  (91)

	IDnum  shift 53
	LPARENnum  shift 55
	ICONSTnum  shift 56
	NOTnum  shift 59
	SCONSTnum  shift 61
	.  error

	Variable  goto 62
	MethodCallStatement  goto 63
	Term  goto 99
	UnsignedConstant  goto 69
	Term_op  goto 70
	Factor  goto 71
	Factor_op  goto 72


state 61
	UnsignedConstant : SCONSTnum .  (110)

	.  reduce 110


state 62
	MethodCallStatement : Variable . LPARENnum RPARENnum  (72)
	MethodCallStatement : Variable . LPARENnum Expre RPARENnum  (73)
	Factor_op : Variable .  (107)

	LPARENnum  shift 100
	ANDnum  reduce 107
	GTnum  reduce 107
	NEnum  reduce 107
	ORnum  reduce 107
	RBRACnum  reduce 107
	RPARENnum  reduce 107
	SEMInum  reduce 107
	COMMAnum  reduce 107
	DIVIDEnum  reduce 107
	EQnum  reduce 107
	GEnum  reduce 107
	LBRACEnum  reduce 107
	LEnum  reduce 107
	LTnum  reduce 107
	MINUSnum  reduce 107
	PLUSnum  reduce 107
	RBRACEnum  reduce 107
	TIMESnum  reduce 107


state 63
	Factor_op : MethodCallStatement .  (108)

	.  reduce 108


state 64
	VariableInitializer : Expression .  (26)

	.  reduce 26


state 65
	Expression : SimpleExpression .  (83)
	Expression : SimpleExpression . LTnum SimpleExpression  (84)
	Expression : SimpleExpression . GTnum SimpleExpression  (85)
	Expression : SimpleExpression . EQnum SimpleExpression  (86)
	Expression : SimpleExpression . NEnum SimpleExpression  (87)
	Expression : SimpleExpression . LEnum SimpleExpression  (88)
	Expression : SimpleExpression . GEnum SimpleExpression  (89)

	GTnum  shift 101
	NEnum  shift 102
	EQnum  shift 103
	GEnum  shift 104
	LEnum  shift 105
	LTnum  shift 106
	RBRACnum  reduce 83
	RPARENnum  reduce 83
	SEMInum  reduce 83
	COMMAnum  reduce 83
	LBRACEnum  reduce 83
	RBRACEnum  reduce 83


state 66
	Simple_op : Term .  (93)

	.  reduce 93


state 67
	Simple_op2 : Simple_op .  (97)

	.  reduce 97


state 68
	SimpleExpression : Simple_op2 .  (90)
	Simple_op2 : Simple_op2 . PLUSnum Term  (94)
	Simple_op2 : Simple_op2 . MINUSnum Term  (95)
	Simple_op2 : Simple_op2 . ORnum Term  (96)

	ORnum  shift 107
	MINUSnum  shift 108
	PLUSnum  shift 109
	GTnum  reduce 90
	NEnum  reduce 90
	RBRACnum  reduce 90
	RPARENnum  reduce 90
	SEMInum  reduce 90
	COMMAnum  reduce 90
	EQnum  reduce 90
	GEnum  reduce 90
	LBRACEnum  reduce 90
	LEnum  reduce 90
	LTnum  reduce 90
	RBRACEnum  reduce 90


state 69
	Factor_op : UnsignedConstant .  (106)

	.  reduce 106


state 70
	Term : Term_op .  (98)
	Term_op : Term_op . TIMESnum Factor  (99)
	Term_op : Term_op . DIVIDEnum Factor  (100)
	Term_op : Term_op . ANDnum Factor  (101)

	ANDnum  shift 110
	DIVIDEnum  shift 111
	TIMESnum  shift 112
	GTnum  reduce 98
	NEnum  reduce 98
	ORnum  reduce 98
	RBRACnum  reduce 98
	RPARENnum  reduce 98
	SEMInum  reduce 98
	COMMAnum  reduce 98
	EQnum  reduce 98
	GEnum  reduce 98
	LBRACEnum  reduce 98
	LEnum  reduce 98
	LTnum  reduce 98
	MINUSnum  reduce 98
	PLUSnum  reduce 98
	RBRACEnum  reduce 98


state 71
	Term_op : Factor .  (102)

	.  reduce 102


state 72
	Factor : Factor_op .  (103)

	.  reduce 103


state 73
	FieldDeclD : EQUALnum VariableInitializer .  (20)

	.  reduce 20


state 74
	VariableInitializer : ArrayCreationExpression .  (28)

	.  reduce 28


state 75
	VariableInitializer : ArrayInitializer .  (27)

	.  reduce 27


state 76
	FieldDeclB : VariableDeclId FieldDeclD SEMInum .  (18)

	.  reduce 18


state 77
	FieldDeclE : COMMAnum . FieldDeclB  (21)

	IDnum  shift 36
	.  error

	FieldDeclB  goto 113
	VariableDeclId  goto 38


state 78
	FieldDeclB : VariableDeclId FieldDeclD FieldDeclE .  (19)

	.  reduce 19


state 79
	FormalParameterListB : INTnum . IDnum FormalParameterListC  (43)
	FormalParameterListB : INTnum . IDnum  (44)

	IDnum  shift 114
	.  error


state 80
	MethodDecl : METHODnum VOIDnum IDnum LPARENnum RPARENnum . Block  (37)

	DECLARATIONSnum  shift 12
	LBRACEnum  shift 115
	.  error

	StatementList  goto 116
	Decls  goto 117
	Block  goto 118


state 81
	FormalParameterListB : VALnum . INTnum IDnum FormalParameterListC  (41)
	FormalParameterListB : VALnum . INTnum IDnum  (42)

	INTnum  shift 119
	.  error


state 82
	MethodDecl : METHODnum VOIDnum IDnum LPARENnum FormalParameterList . RPARENnum Block  (39)

	RPARENnum  shift 120
	.  error


state 83
	FormalParameterList : FormalParameterListB .  (40)

	.  reduce 40


state 84
	MethodDecl : METHODnum Type IDnum LPARENnum RPARENnum . Block  (36)

	DECLARATIONSnum  shift 12
	LBRACEnum  shift 115
	.  error

	StatementList  goto 116
	Decls  goto 117
	Block  goto 121


state 85
	MethodDecl : METHODnum Type IDnum LPARENnum FormalParameterList . RPARENnum Block  (38)

	RPARENnum  shift 122
	.  error


state 86
	TypeB : LBRACnum RBRACnum DOTnum Type .  (56)

	.  reduce 56


state 87
	VariableDeclIdB : VariableDeclIdB LBRACnum RBRACnum .  (25)

	.  reduce 25


state 88
	Variable_op2 : DOTnum . IDnum Variable_op  (115)

	IDnum  shift 123
	.  error


state 89
	Variable_op2 : LBRACnum . Variable_op3 RBRACnum Variable_op  (114)

	IDnum  shift 53
	LPARENnum  shift 55
	ICONSTnum  shift 56
	MINUSnum  shift 58
	NOTnum  shift 59
	PLUSnum  shift 60
	SCONSTnum  shift 61
	.  error

	Variable  goto 62
	MethodCallStatement  goto 63
	Expression  goto 124
	SimpleExpression  goto 65
	Term  goto 66
	Simple_op  goto 67
	Simple_op2  goto 68
	UnsignedConstant  goto 69
	Term_op  goto 70
	Factor  goto 71
	Factor_op  goto 72
	Variable_op3  goto 125


state 90
	Variable_op : Variable_op2 .  (112)

	.  reduce 112


state 91
	Variable : IDnum Variable_op .  (111)

	.  reduce 111


state 92
	Variable_op : epsilon .  (113)

	.  reduce 113


state 93
	ArrayCreationExpressionB : LBRACnum . Expression RBRACnum  (34)

	IDnum  shift 53
	LPARENnum  shift 55
	ICONSTnum  shift 56
	MINUSnum  shift 58
	NOTnum  shift 59
	PLUSnum  shift 60
	SCONSTnum  shift 61
	.  error

	Variable  goto 62
	MethodCallStatement  goto 63
	Expression  goto 126
	SimpleExpression  goto 65
	Term  goto 66
	Simple_op  goto 67
	Simple_op2  goto 68
	UnsignedConstant  goto 69
	Term_op  goto 70
	Factor  goto 71
	Factor_op  goto 72


state 94
	ArrayCreationExpression : INTnum ArrayCreationExpressionB .  (33)
	ArrayCreationExpressionB : ArrayCreationExpressionB . LBRACnum Expression RBRACnum  (35)

	LBRACnum  shift 127
	SEMInum  reduce 33
	COMMAnum  reduce 33
	RBRACEnum  reduce 33


state 95
	Factor : LPARENnum Expression . RPARENnum  (104)

	RPARENnum  shift 128
	.  error


state 96
	ArrayInitializer : LBRACEnum VariableInitializer . RBRACEnum  (29)
	ArrayInitializer : LBRACEnum VariableInitializer . ArrayInitializerB RBRACEnum  (30)

	COMMAnum  shift 129
	RBRACEnum  shift 130
	.  error

	ArrayInitializerB  goto 131


state 97
	Simple_op : MINUSnum Term .  (92)

	.  reduce 92


state 98
	Factor : NOTnum Factor .  (105)

	.  reduce 105


state 99
	Simple_op : PLUSnum Term .  (91)

	.  reduce 91


state 100
	MethodCallStatement : Variable LPARENnum . RPARENnum  (72)
	MethodCallStatement : Variable LPARENnum . Expre RPARENnum  (73)

	IDnum  shift 53
	LPARENnum  shift 55
	RPARENnum  shift 132
	ICONSTnum  shift 56
	MINUSnum  shift 58
	NOTnum  shift 59
	PLUSnum  shift 60
	SCONSTnum  shift 61
	.  error

	Variable  goto 62
	Expre  goto 133
	MethodCallStatement  goto 63
	Expression  goto 134
	SimpleExpression  goto 65
	Term  goto 66
	Simple_op  goto 67
	Simple_op2  goto 68
	UnsignedConstant  goto 69
	Term_op  goto 70
	Factor  goto 71
	Factor_op  goto 72


state 101
	Expression : SimpleExpression GTnum . SimpleExpression  (85)

	IDnum  shift 53
	LPARENnum  shift 55
	ICONSTnum  shift 56
	MINUSnum  shift 58
	NOTnum  shift 59
	PLUSnum  shift 60
	SCONSTnum  shift 61
	.  error

	Variable  goto 62
	MethodCallStatement  goto 63
	SimpleExpression  goto 135
	Term  goto 66
	Simple_op  goto 67
	Simple_op2  goto 68
	UnsignedConstant  goto 69
	Term_op  goto 70
	Factor  goto 71
	Factor_op  goto 72


state 102
	Expression : SimpleExpression NEnum . SimpleExpression  (87)

	IDnum  shift 53
	LPARENnum  shift 55
	ICONSTnum  shift 56
	MINUSnum  shift 58
	NOTnum  shift 59
	PLUSnum  shift 60
	SCONSTnum  shift 61
	.  error

	Variable  goto 62
	MethodCallStatement  goto 63
	SimpleExpression  goto 136
	Term  goto 66
	Simple_op  goto 67
	Simple_op2  goto 68
	UnsignedConstant  goto 69
	Term_op  goto 70
	Factor  goto 71
	Factor_op  goto 72


state 103
	Expression : SimpleExpression EQnum . SimpleExpression  (86)

	IDnum  shift 53
	LPARENnum  shift 55
	ICONSTnum  shift 56
	MINUSnum  shift 58
	NOTnum  shift 59
	PLUSnum  shift 60
	SCONSTnum  shift 61
	.  error

	Variable  goto 62
	MethodCallStatement  goto 63
	SimpleExpression  goto 137
	Term  goto 66
	Simple_op  goto 67
	Simple_op2  goto 68
	UnsignedConstant  goto 69
	Term_op  goto 70
	Factor  goto 71
	Factor_op  goto 72


state 104
	Expression : SimpleExpression GEnum . SimpleExpression  (89)

	IDnum  shift 53
	LPARENnum  shift 55
	ICONSTnum  shift 56
	MINUSnum  shift 58
	NOTnum  shift 59
	PLUSnum  shift 60
	SCONSTnum  shift 61
	.  error

	Variable  goto 62
	MethodCallStatement  goto 63
	SimpleExpression  goto 138
	Term  goto 66
	Simple_op  goto 67
	Simple_op2  goto 68
	UnsignedConstant  goto 69
	Term_op  goto 70
	Factor  goto 71
	Factor_op  goto 72


state 105
	Expression : SimpleExpression LEnum . SimpleExpression  (88)

	IDnum  shift 53
	LPARENnum  shift 55
	ICONSTnum  shift 56
	MINUSnum  shift 58
	NOTnum  shift 59
	PLUSnum  shift 60
	SCONSTnum  shift 61
	.  error

	Variable  goto 62
	MethodCallStatement  goto 63
	SimpleExpression  goto 139
	Term  goto 66
	Simple_op  goto 67
	Simple_op2  goto 68
	UnsignedConstant  goto 69
	Term_op  goto 70
	Factor  goto 71
	Factor_op  goto 72


state 106
	Expression : SimpleExpression LTnum . SimpleExpression  (84)

	IDnum  shift 53
	LPARENnum  shift 55
	ICONSTnum  shift 56
	MINUSnum  shift 58
	NOTnum  shift 59
	PLUSnum  shift 60
	SCONSTnum  shift 61
	.  error

	Variable  goto 62
	MethodCallStatement  goto 63
	SimpleExpression  goto 140
	Term  goto 66
	Simple_op  goto 67
	Simple_op2  goto 68
	UnsignedConstant  goto 69
	Term_op  goto 70
	Factor  goto 71
	Factor_op  goto 72


state 107
	Simple_op2 : Simple_op2 ORnum . Term  (96)

	IDnum  shift 53
	LPARENnum  shift 55
	ICONSTnum  shift 56
	NOTnum  shift 59
	SCONSTnum  shift 61
	.  error

	Variable  goto 62
	MethodCallStatement  goto 63
	Term  goto 141
	UnsignedConstant  goto 69
	Term_op  goto 70
	Factor  goto 71
	Factor_op  goto 72


state 108
	Simple_op2 : Simple_op2 MINUSnum . Term  (95)

	IDnum  shift 53
	LPARENnum  shift 55
	ICONSTnum  shift 56
	NOTnum  shift 59
	SCONSTnum  shift 61
	.  error

	Variable  goto 62
	MethodCallStatement  goto 63
	Term  goto 142
	UnsignedConstant  goto 69
	Term_op  goto 70
	Factor  goto 71
	Factor_op  goto 72


state 109
	Simple_op2 : Simple_op2 PLUSnum . Term  (94)

	IDnum  shift 53
	LPARENnum  shift 55
	ICONSTnum  shift 56
	NOTnum  shift 59
	SCONSTnum  shift 61
	.  error

	Variable  goto 62
	MethodCallStatement  goto 63
	Term  goto 143
	UnsignedConstant  goto 69
	Term_op  goto 70
	Factor  goto 71
	Factor_op  goto 72


state 110
	Term_op : Term_op ANDnum . Factor  (101)

	IDnum  shift 53
	LPARENnum  shift 55
	ICONSTnum  shift 56
	NOTnum  shift 59
	SCONSTnum  shift 61
	.  error

	Variable  goto 62
	MethodCallStatement  goto 63
	UnsignedConstant  goto 69
	Factor  goto 144
	Factor_op  goto 72


state 111
	Term_op : Term_op DIVIDEnum . Factor  (100)

	IDnum  shift 53
	LPARENnum  shift 55
	ICONSTnum  shift 56
	NOTnum  shift 59
	SCONSTnum  shift 61
	.  error

	Variable  goto 62
	MethodCallStatement  goto 63
	UnsignedConstant  goto 69
	Factor  goto 145
	Factor_op  goto 72


state 112
	Term_op : Term_op TIMESnum . Factor  (99)

	IDnum  shift 53
	LPARENnum  shift 55
	ICONSTnum  shift 56
	NOTnum  shift 59
	SCONSTnum  shift 61
	.  error

	Variable  goto 62
	MethodCallStatement  goto 63
	UnsignedConstant  goto 69
	Factor  goto 146
	Factor_op  goto 72


state 113
	FieldDeclE : COMMAnum FieldDeclB .  (21)

	.  reduce 21


state 114
	FormalParameterListB : INTnum IDnum . FormalParameterListC  (43)
	FormalParameterListB : INTnum IDnum .  (44)

	SEMInum  shift 147
	COMMAnum  shift 148
	RPARENnum  reduce 44

	FormalParameterListC  goto 149


state 115
	StatementList : LBRACEnum . Statementsop RBRACEnum  (57)
	epsilon : .  (118)

	IDnum  shift 53
	WHILEnum  shift 150
	IFnum  shift 151
	RETURNnum  shift 152
	SEMInum  reduce 118
	RBRACEnum  reduce 118

	Variable  goto 153
	MethodCallStatement  goto 154
	AssignmentStatement  goto 155
	WhileStatement  goto 156
	IfStatement  goto 157
	Statements_Op4  goto 158
	Statements_Op3  goto 159
	ReturnStatement  goto 160
	Statementsop  goto 161
	Statement  goto 162
	Statements_Op  goto 163
	Statements_Op2  goto 164
	IFState_Op  goto 165
	epsilon  goto 166


state 116
	Block : StatementList .  (49)

	.  reduce 49


state 117
	Block : Decls . StatementList  (48)

	LBRACEnum  shift 115
	.  error

	StatementList  goto 167


state 118
	MethodDecl : METHODnum VOIDnum IDnum LPARENnum RPARENnum Block .  (37)

	.  reduce 37


state 119
	FormalParameterListB : VALnum INTnum . IDnum FormalParameterListC  (41)
	FormalParameterListB : VALnum INTnum . IDnum  (42)

	IDnum  shift 168
	.  error


state 120
	MethodDecl : METHODnum VOIDnum IDnum LPARENnum FormalParameterList RPARENnum . Block  (39)

	DECLARATIONSnum  shift 12
	LBRACEnum  shift 115
	.  error

	StatementList  goto 116
	Decls  goto 117
	Block  goto 169


state 121
	MethodDecl : METHODnum Type IDnum LPARENnum RPARENnum Block .  (36)

	.  reduce 36


state 122
	MethodDecl : METHODnum Type IDnum LPARENnum FormalParameterList RPARENnum . Block  (38)

	DECLARATIONSnum  shift 12
	LBRACEnum  shift 115
	.  error

	StatementList  goto 116
	Decls  goto 117
	Block  goto 170


state 123
	Variable_op2 : DOTnum IDnum . Variable_op  (115)
	epsilon : .  (118)

	DOTnum  shift 88
	LBRACnum  shift 89
	ANDnum  reduce 118
	ASSGNnum  reduce 118
	GTnum  reduce 118
	LPARENnum  reduce 118
	NEnum  reduce 118
	ORnum  reduce 118
	RBRACnum  reduce 118
	RPARENnum  reduce 118
	SEMInum  reduce 118
	COMMAnum  reduce 118
	DIVIDEnum  reduce 118
	EQnum  reduce 118
	GEnum  reduce 118
	LBRACEnum  reduce 118
	LEnum  reduce 118
	LTnum  reduce 118
	MINUSnum  reduce 118
	PLUSnum  reduce 118
	RBRACEnum  reduce 118
	TIMESnum  reduce 118

	Variable_op2  goto 90
	Variable_op  goto 171
	epsilon  goto 92


state 124
	Variable_op3 : Expression .  (116)
	Variable_op3 : Expression . COMMAnum Expression  (117)

	COMMAnum  shift 172
	RBRACnum  reduce 116


state 125
	Variable_op2 : LBRACnum Variable_op3 . RBRACnum Variable_op  (114)

	RBRACnum  shift 173
	.  error


state 126
	ArrayCreationExpressionB : LBRACnum Expression . RBRACnum  (34)

	RBRACnum  shift 174
	.  error


state 127
	ArrayCreationExpressionB : ArrayCreationExpressionB LBRACnum . Expression RBRACnum  (35)

	IDnum  shift 53
	LPARENnum  shift 55
	ICONSTnum  shift 56
	MINUSnum  shift 58
	NOTnum  shift 59
	PLUSnum  shift 60
	SCONSTnum  shift 61
	.  error

	Variable  goto 62
	MethodCallStatement  goto 63
	Expression  goto 175
	SimpleExpression  goto 65
	Term  goto 66
	Simple_op  goto 67
	Simple_op2  goto 68
	UnsignedConstant  goto 69
	Term_op  goto 70
	Factor  goto 71
	Factor_op  goto 72


state 128
	Factor : LPARENnum Expression RPARENnum .  (104)

	.  reduce 104


state 129
	ArrayInitializerB : COMMAnum . VariableInitializer  (31)

	IDnum  shift 53
	INTnum  shift 54
	LPARENnum  shift 55
	ICONSTnum  shift 56
	LBRACEnum  shift 57
	MINUSnum  shift 58
	NOTnum  shift 59
	PLUSnum  shift 60
	SCONSTnum  shift 61
	.  error

	Variable  goto 62
	MethodCallStatement  goto 63
	Expression  goto 64
	SimpleExpression  goto 65
	Term  goto 66
	Simple_op  goto 67
	Simple_op2  goto 68
	UnsignedConstant  goto 69
	Term_op  goto 70
	Factor  goto 71
	Factor_op  goto 72
	VariableInitializer  goto 176
	ArrayCreationExpression  goto 74
	ArrayInitializer  goto 75


state 130
	ArrayInitializer : LBRACEnum VariableInitializer RBRACEnum .  (29)

	.  reduce 29


state 131
	ArrayInitializer : LBRACEnum VariableInitializer ArrayInitializerB . RBRACEnum  (30)
	ArrayInitializerB : ArrayInitializerB . COMMAnum VariableInitializer  (32)

	COMMAnum  shift 177
	RBRACEnum  shift 178
	.  error


state 132
	MethodCallStatement : Variable LPARENnum RPARENnum .  (72)

	.  reduce 72


state 133
	MethodCallStatement : Variable LPARENnum Expre . RPARENnum  (73)
	Expre : Expre . COMMAnum Expression  (75)

	RPARENnum  shift 179
	COMMAnum  shift 180
	.  error


state 134
	Expre : Expression .  (74)

	.  reduce 74


state 135
	Expression : SimpleExpression GTnum SimpleExpression .  (85)

	.  reduce 85


state 136
	Expression : SimpleExpression NEnum SimpleExpression .  (87)

	.  reduce 87


state 137
	Expression : SimpleExpression EQnum SimpleExpression .  (86)

	.  reduce 86


state 138
	Expression : SimpleExpression GEnum SimpleExpression .  (89)

	.  reduce 89


state 139
	Expression : SimpleExpression LEnum SimpleExpression .  (88)

	.  reduce 88


state 140
	Expression : SimpleExpression LTnum SimpleExpression .  (84)

	.  reduce 84


state 141
	Simple_op2 : Simple_op2 ORnum Term .  (96)

	.  reduce 96


state 142
	Simple_op2 : Simple_op2 MINUSnum Term .  (95)

	.  reduce 95


state 143
	Simple_op2 : Simple_op2 PLUSnum Term .  (94)

	.  reduce 94


state 144
	Term_op : Term_op ANDnum Factor .  (101)

	.  reduce 101


state 145
	Term_op : Term_op DIVIDEnum Factor .  (100)

	.  reduce 100


state 146
	Term_op : Term_op TIMESnum Factor .  (99)

	.  reduce 99


state 147
	FormalParameterListC : SEMInum . FormalParameterListB  (47)

	INTnum  shift 79
	VALnum  shift 81
	.  error

	FormalParameterListB  goto 181


state 148
	FormalParameterListC : COMMAnum . IDnum  (45)
	FormalParameterListC : COMMAnum . IDnum FormalParameterListC  (46)

	IDnum  shift 182
	.  error


state 149
	FormalParameterListB : INTnum IDnum FormalParameterListC .  (43)

	.  reduce 43


state 150
	WhileStatement : WHILEnum . Expression StatementList  (82)

	IDnum  shift 53
	LPARENnum  shift 55
	ICONSTnum  shift 56
	MINUSnum  shift 58
	NOTnum  shift 59
	PLUSnum  shift 60
	SCONSTnum  shift 61
	.  error

	Variable  goto 62
	MethodCallStatement  goto 63
	Expression  goto 183
	SimpleExpression  goto 65
	Term  goto 66
	Simple_op  goto 67
	Simple_op2  goto 68
	UnsignedConstant  goto 69
	Term_op  goto 70
	Factor  goto 71
	Factor_op  goto 72


state 151
	IFState_Op : IFnum . Expression StatementList  (80)

	IDnum  shift 53
	LPARENnum  shift 55
	ICONSTnum  shift 56
	MINUSnum  shift 58
	NOTnum  shift 59
	PLUSnum  shift 60
	SCONSTnum  shift 61
	.  error

	Variable  goto 62
	MethodCallStatement  goto 63
	Expression  goto 184
	SimpleExpression  goto 65
	Term  goto 66
	Simple_op  goto 67
	Simple_op2  goto 68
	UnsignedConstant  goto 69
	Term_op  goto 70
	Factor  goto 71
	Factor_op  goto 72


state 152
	ReturnStatement : RETURNnum .  (76)
	ReturnStatement : RETURNnum . Expression  (77)

	IDnum  shift 53
	LPARENnum  shift 55
	ICONSTnum  shift 56
	MINUSnum  shift 58
	NOTnum  shift 59
	PLUSnum  shift 60
	SCONSTnum  shift 61
	SEMInum  reduce 76
	RBRACEnum  reduce 76

	Variable  goto 62
	MethodCallStatement  goto 63
	Expression  goto 185
	SimpleExpression  goto 65
	Term  goto 66
	Simple_op  goto 67
	Simple_op2  goto 68
	UnsignedConstant  goto 69
	Term_op  goto 70
	Factor  goto 71
	Factor_op  goto 72


state 153
	AssignmentStatement : Variable . ASSGNnum Expression  (71)
	MethodCallStatement : Variable . LPARENnum RPARENnum  (72)
	MethodCallStatement : Variable . LPARENnum Expre RPARENnum  (73)

	ASSGNnum  shift 186
	LPARENnum  shift 100
	.  error


state 154
	Statements_Op : MethodCallStatement .  (63)

	.  reduce 63


state 155
	Statement : AssignmentStatement .  (61)

	.  reduce 61


state 156
	Statements_Op4 : WhileStatement .  (69)

	.  reduce 69


state 157
	Statements_Op3 : IfStatement .  (67)

	.  reduce 67


state 158
	Statements_Op3 : Statements_Op4 .  (68)

	.  reduce 68


state 159
	Statements_Op2 : Statements_Op3 .  (66)

	.  reduce 66


state 160
	Statements_Op2 : ReturnStatement .  (65)

	.  reduce 65


state 161
	StatementList : LBRACEnum Statementsop . RBRACEnum  (57)

	RBRACEnum  shift 187
	.  error


state 162
	Statementsop : Statement .  (58)
	Statementsop : Statement . SEMInum  (59)
	Statementsop : Statement . SEMInum Statementsop  (60)

	SEMInum  shift 188
	RBRACEnum  reduce 58


state 163
	Statement : Statements_Op .  (62)

	.  reduce 62


state 164
	Statements_Op : Statements_Op2 .  (64)

	.  reduce 64


state 165
	IfStatement : IFState_Op .  (78)
	IfStatement : IFState_Op . ELSEnum StatementList  (79)
	IFState_Op : IFState_Op . ELSEnum IFnum Expression StatementList  (81)

	ELSEnum  shift 189
	SEMInum  reduce 78
	RBRACEnum  reduce 78


state 166
	Statements_Op4 : epsilon .  (70)

	.  reduce 70


state 167
	Block : Decls StatementList .  (48)

	.  reduce 48


state 168
	FormalParameterListB : VALnum INTnum IDnum . FormalParameterListC  (41)
	FormalParameterListB : VALnum INTnum IDnum .  (42)

	SEMInum  shift 147
	COMMAnum  shift 148
	RPARENnum  reduce 42

	FormalParameterListC  goto 190


state 169
	MethodDecl : METHODnum VOIDnum IDnum LPARENnum FormalParameterList RPARENnum Block .  (39)

	.  reduce 39


state 170
	MethodDecl : METHODnum Type IDnum LPARENnum FormalParameterList RPARENnum Block .  (38)

	.  reduce 38


state 171
	Variable_op2 : DOTnum IDnum Variable_op .  (115)

	.  reduce 115


state 172
	Variable_op3 : Expression COMMAnum . Expression  (117)

	IDnum  shift 53
	LPARENnum  shift 55
	ICONSTnum  shift 56
	MINUSnum  shift 58
	NOTnum  shift 59
	PLUSnum  shift 60
	SCONSTnum  shift 61
	.  error

	Variable  goto 62
	MethodCallStatement  goto 63
	Expression  goto 191
	SimpleExpression  goto 65
	Term  goto 66
	Simple_op  goto 67
	Simple_op2  goto 68
	UnsignedConstant  goto 69
	Term_op  goto 70
	Factor  goto 71
	Factor_op  goto 72


state 173
	Variable_op2 : LBRACnum Variable_op3 RBRACnum . Variable_op  (114)
	epsilon : .  (118)

	DOTnum  shift 88
	LBRACnum  shift 89
	ANDnum  reduce 118
	ASSGNnum  reduce 118
	GTnum  reduce 118
	LPARENnum  reduce 118
	NEnum  reduce 118
	ORnum  reduce 118
	RBRACnum  reduce 118
	RPARENnum  reduce 118
	SEMInum  reduce 118
	COMMAnum  reduce 118
	DIVIDEnum  reduce 118
	EQnum  reduce 118
	GEnum  reduce 118
	LBRACEnum  reduce 118
	LEnum  reduce 118
	LTnum  reduce 118
	MINUSnum  reduce 118
	PLUSnum  reduce 118
	RBRACEnum  reduce 118
	TIMESnum  reduce 118

	Variable_op2  goto 90
	Variable_op  goto 192
	epsilon  goto 92


state 174
	ArrayCreationExpressionB : LBRACnum Expression RBRACnum .  (34)

	.  reduce 34


state 175
	ArrayCreationExpressionB : ArrayCreationExpressionB LBRACnum Expression . RBRACnum  (35)

	RBRACnum  shift 193
	.  error


state 176
	ArrayInitializerB : COMMAnum VariableInitializer .  (31)

	.  reduce 31


state 177
	ArrayInitializerB : ArrayInitializerB COMMAnum . VariableInitializer  (32)

	IDnum  shift 53
	INTnum  shift 54
	LPARENnum  shift 55
	ICONSTnum  shift 56
	LBRACEnum  shift 57
	MINUSnum  shift 58
	NOTnum  shift 59
	PLUSnum  shift 60
	SCONSTnum  shift 61
	.  error

	Variable  goto 62
	MethodCallStatement  goto 63
	Expression  goto 64
	SimpleExpression  goto 65
	Term  goto 66
	Simple_op  goto 67
	Simple_op2  goto 68
	UnsignedConstant  goto 69
	Term_op  goto 70
	Factor  goto 71
	Factor_op  goto 72
	VariableInitializer  goto 194
	ArrayCreationExpression  goto 74
	ArrayInitializer  goto 75


state 178
	ArrayInitializer : LBRACEnum VariableInitializer ArrayInitializerB RBRACEnum .  (30)

	.  reduce 30


state 179
	MethodCallStatement : Variable LPARENnum Expre RPARENnum .  (73)

	.  reduce 73


state 180
	Expre : Expre COMMAnum . Expression  (75)

	IDnum  shift 53
	LPARENnum  shift 55
	ICONSTnum  shift 56
	MINUSnum  shift 58
	NOTnum  shift 59
	PLUSnum  shift 60
	SCONSTnum  shift 61
	.  error

	Variable  goto 62
	MethodCallStatement  goto 63
	Expression  goto 195
	SimpleExpression  goto 65
	Term  goto 66
	Simple_op  goto 67
	Simple_op2  goto 68
	UnsignedConstant  goto 69
	Term_op  goto 70
	Factor  goto 71
	Factor_op  goto 72


state 181
	FormalParameterListC : SEMInum FormalParameterListB .  (47)

	.  reduce 47


state 182
	FormalParameterListC : COMMAnum IDnum .  (45)
	FormalParameterListC : COMMAnum IDnum . FormalParameterListC  (46)

	SEMInum  shift 147
	COMMAnum  shift 148
	RPARENnum  reduce 45

	FormalParameterListC  goto 196


state 183
	WhileStatement : WHILEnum Expression . StatementList  (82)

	LBRACEnum  shift 115
	.  error

	StatementList  goto 197


state 184
	IFState_Op : IFnum Expression . StatementList  (80)

	LBRACEnum  shift 115
	.  error

	StatementList  goto 198


state 185
	ReturnStatement : RETURNnum Expression .  (77)

	.  reduce 77


state 186
	AssignmentStatement : Variable ASSGNnum . Expression  (71)

	IDnum  shift 53
	LPARENnum  shift 55
	ICONSTnum  shift 56
	MINUSnum  shift 58
	NOTnum  shift 59
	PLUSnum  shift 60
	SCONSTnum  shift 61
	.  error

	Variable  goto 62
	MethodCallStatement  goto 63
	Expression  goto 199
	SimpleExpression  goto 65
	Term  goto 66
	Simple_op  goto 67
	Simple_op2  goto 68
	UnsignedConstant  goto 69
	Term_op  goto 70
	Factor  goto 71
	Factor_op  goto 72


state 187
	StatementList : LBRACEnum Statementsop RBRACEnum .  (57)

	.  reduce 57


188: reduce/reduce conflict (reduce 59, reduce 118) on RBRACEnum
state 188
	Statementsop : Statement SEMInum .  (59)
	Statementsop : Statement SEMInum . Statementsop  (60)
	epsilon : .  (118)

	IDnum  shift 53
	WHILEnum  shift 150
	IFnum  shift 151
	RETURNnum  shift 152
	SEMInum  reduce 118
	RBRACEnum  reduce 59

	Variable  goto 153
	MethodCallStatement  goto 154
	AssignmentStatement  goto 155
	WhileStatement  goto 156
	IfStatement  goto 157
	Statements_Op4  goto 158
	Statements_Op3  goto 159
	ReturnStatement  goto 160
	Statementsop  goto 200
	Statement  goto 162
	Statements_Op  goto 163
	Statements_Op2  goto 164
	IFState_Op  goto 165
	epsilon  goto 166


state 189
	IfStatement : IFState_Op ELSEnum . StatementList  (79)
	IFState_Op : IFState_Op ELSEnum . IFnum Expression StatementList  (81)

	IFnum  shift 201
	LBRACEnum  shift 115
	.  error

	StatementList  goto 202


state 190
	FormalParameterListB : VALnum INTnum IDnum FormalParameterListC .  (41)

	.  reduce 41


state 191
	Variable_op3 : Expression COMMAnum Expression .  (117)

	.  reduce 117


state 192
	Variable_op2 : LBRACnum Variable_op3 RBRACnum Variable_op .  (114)

	.  reduce 114


state 193
	ArrayCreationExpressionB : ArrayCreationExpressionB LBRACnum Expression RBRACnum .  (35)

	.  reduce 35


state 194
	ArrayInitializerB : ArrayInitializerB COMMAnum VariableInitializer .  (32)

	.  reduce 32


state 195
	Expre : Expre COMMAnum Expression .  (75)

	.  reduce 75


state 196
	FormalParameterListC : COMMAnum IDnum FormalParameterListC .  (46)

	.  reduce 46


state 197
	WhileStatement : WHILEnum Expression StatementList .  (82)

	.  reduce 82


state 198
	IFState_Op : IFnum Expression StatementList .  (80)

	.  reduce 80


state 199
	AssignmentStatement : Variable ASSGNnum Expression .  (71)

	.  reduce 71


state 200
	Statementsop : Statement SEMInum Statementsop .  (60)

	.  reduce 60


state 201
	IFState_Op : IFState_Op ELSEnum IFnum . Expression StatementList  (81)

	IDnum  shift 53
	LPARENnum  shift 55
	ICONSTnum  shift 56
	MINUSnum  shift 58
	NOTnum  shift 59
	PLUSnum  shift 60
	SCONSTnum  shift 61
	.  error

	Variable  goto 62
	MethodCallStatement  goto 63
	Expression  goto 203
	SimpleExpression  goto 65
	Term  goto 66
	Simple_op  goto 67
	Simple_op2  goto 68
	UnsignedConstant  goto 69
	Term_op  goto 70
	Factor  goto 71
	Factor_op  goto 72


state 202
	IfStatement : IFState_Op ELSEnum StatementList .  (79)

	.  reduce 79


state 203
	IFState_Op : IFState_Op ELSEnum IFnum Expression . StatementList  (81)

	LBRACEnum  shift 115
	.  error

	StatementList  goto 204


state 204
	IFState_Op : IFState_Op ELSEnum IFnum Expression StatementList .  (81)

	.  reduce 81


State 188 contains 1 reduce/reduce conflict.


47 terminals, 55 nonterminals
119 grammar rules, 205 states
